<?xml version="1.0" encoding="UTF-8"?>
<!-- Generated by org.testng.reporters.JUnitReportReporter -->
<testsuite hostname="DESKTOP-3L258A3" failures="0" tests="2" name="runner.LoginValidation" time="19.363" errors="0" timestamp="2024-06-15T17:22:40 MDT" skipped="0">
  <testcase classname="runner.LoginValidation" name="runScenario" time="10.335"/>
  <testcase classname="runner.LoginValidation" name="runScenario" time="9.028"/>
  <system-out>
    <![CDATA[Launching the webpagehttps://www.demoblaze.com/
Click the login buttonRemoteWebDriver: firefox on Windows 11 (2ae531ca-4d14-4976-9828-0bb630fb9c9d)
Enter the detailsBy.id: sign-usernametestusr3
Enter the detailsBy.id: sign-passwordpassword1
Click the login buttonRemoteWebDriver: firefox on Windows 11 (2ae531ca-4d14-4976-9828-0bb630fb9c9d)]]>
  </system-out>
</testsuite> <!-- runner.LoginValidation -->
