<?xml version="1.0" encoding="UTF-8"?>
<!-- Generated by org.testng.reporters.JUnitReportReporter -->
<testsuite hostname="DESKTOP-3L258A3" failures="0" tests="1" name="test.TestwithExcelFile" time="2.578" errors="0" timestamp="2024-06-05T17:30:52 MDT" skipped="0">
  <testcase classname="test.TestwithExcelFile" name="test" time="2.578"/>
</testsuite> <!-- test.TestwithExcelFile -->
