<?xml version="1.0" encoding="UTF-8"?>
<!-- Generated by org.testng.reporters.JUnitReportReporter -->
<testsuite hostname="DESKTOP-3L258A3" failures="0" tests="2" name="runner.LoginValidation" time="17.523" errors="0" timestamp="2024-06-06T16:49:07 MDT" skipped="0">
  <testcase classname="runner.LoginValidation" name="runScenario" time="9.772"/>
  <testcase classname="runner.LoginValidation" name="runScenario" time="7.751"/>
  <system-out>
    <![CDATA[Launching the webpagehttps://www.demoblaze.com/
Click the login buttonRemoteWebDriver: firefox on Windows 11 (4c870ecf-ce6a-4790-a398-ab12aa30f961)
Enter the detailsBy.id: sign-usernametestusr3
Enter the detailsBy.id: sign-passwordpassword1
Click the login buttonRemoteWebDriver: firefox on Windows 11 (4c870ecf-ce6a-4790-a398-ab12aa30f961)]]>
  </system-out>
</testsuite> <!-- runner.LoginValidation -->
