<?xml version="1.0" encoding="UTF-8"?>
<!-- Generated by org.testng.reporters.JUnitReportReporter -->
<testsuite hostname="DESKTOP-3L258A3" failures="0" tests="1" name="runner.SignUpValidation" time="8.356" errors="0" timestamp="2024-06-06T16:49:07 MDT" skipped="0">
  <testcase classname="runner.SignUpValidation" name="runScenario" time="8.356">
    <system-out>
      <![CDATA[Launching the webpagehttps://www.demoblaze.com/
Click the login buttonRemoteWebDriver: firefox on Windows 11 (4c870ecf-ce6a-4790-a398-ab12aa30f961)
Enter the detailsBy.id: sign-usernametestusr3
Enter the detailsBy.id: sign-passwordpassword1
Click the login buttonRemoteWebDriver: firefox on Windows 11 (4c870ecf-ce6a-4790-a398-ab12aa30f961)]]>
    </system-out>
  </testcase> <!-- runScenario -->
  <system-out>
    <![CDATA[Launching the webpagehttps://www.demoblaze.com/
Click the login buttonRemoteWebDriver: firefox on Windows 11 (4c870ecf-ce6a-4790-a398-ab12aa30f961)
Enter the detailsBy.id: sign-usernametestusr3
Enter the detailsBy.id: sign-passwordpassword1
Click the login buttonRemoteWebDriver: firefox on Windows 11 (4c870ecf-ce6a-4790-a398-ab12aa30f961)]]>
  </system-out>
</testsuite> <!-- runner.SignUpValidation -->
